nohup: ignoring input
/home/mrahman/.local/lib/python3.7/site-packages/tensorflow/python/framework/dtypes.py:516: FutureWarning: Passing (type, 1) or '1type' as a synonym of type is deprecated; in a future version of numpy, it will be understood as (type, (1,)) / '(1,)type'.
  _np_qint8 = np.dtype([("qint8", np.int8, 1)])
/home/mrahman/.local/lib/python3.7/site-packages/tensorflow/python/framework/dtypes.py:517: FutureWarning: Passing (type, 1) or '1type' as a synonym of type is deprecated; in a future version of numpy, it will be understood as (type, (1,)) / '(1,)type'.
  _np_quint8 = np.dtype([("quint8", np.uint8, 1)])
/home/mrahman/.local/lib/python3.7/site-packages/tensorflow/python/framework/dtypes.py:518: FutureWarning: Passing (type, 1) or '1type' as a synonym of type is deprecated; in a future version of numpy, it will be understood as (type, (1,)) / '(1,)type'.
  _np_qint16 = np.dtype([("qint16", np.int16, 1)])
/home/mrahman/.local/lib/python3.7/site-packages/tensorflow/python/framework/dtypes.py:519: FutureWarning: Passing (type, 1) or '1type' as a synonym of type is deprecated; in a future version of numpy, it will be understood as (type, (1,)) / '(1,)type'.
  _np_quint16 = np.dtype([("quint16", np.uint16, 1)])
/home/mrahman/.local/lib/python3.7/site-packages/tensorflow/python/framework/dtypes.py:520: FutureWarning: Passing (type, 1) or '1type' as a synonym of type is deprecated; in a future version of numpy, it will be understood as (type, (1,)) / '(1,)type'.
  _np_qint32 = np.dtype([("qint32", np.int32, 1)])
/home/mrahman/.local/lib/python3.7/site-packages/tensorflow/python/framework/dtypes.py:525: FutureWarning: Passing (type, 1) or '1type' as a synonym of type is deprecated; in a future version of numpy, it will be understood as (type, (1,)) / '(1,)type'.
  np_resource = np.dtype([("resource", np.ubyte, 1)])
/home/mrahman/.local/lib/python3.7/site-packages/tensorboard/compat/tensorflow_stub/dtypes.py:541: FutureWarning: Passing (type, 1) or '1type' as a synonym of type is deprecated; in a future version of numpy, it will be understood as (type, (1,)) / '(1,)type'.
  _np_qint8 = np.dtype([("qint8", np.int8, 1)])
/home/mrahman/.local/lib/python3.7/site-packages/tensorboard/compat/tensorflow_stub/dtypes.py:542: FutureWarning: Passing (type, 1) or '1type' as a synonym of type is deprecated; in a future version of numpy, it will be understood as (type, (1,)) / '(1,)type'.
  _np_quint8 = np.dtype([("quint8", np.uint8, 1)])
/home/mrahman/.local/lib/python3.7/site-packages/tensorboard/compat/tensorflow_stub/dtypes.py:543: FutureWarning: Passing (type, 1) or '1type' as a synonym of type is deprecated; in a future version of numpy, it will be understood as (type, (1,)) / '(1,)type'.
  _np_qint16 = np.dtype([("qint16", np.int16, 1)])
/home/mrahman/.local/lib/python3.7/site-packages/tensorboard/compat/tensorflow_stub/dtypes.py:544: FutureWarning: Passing (type, 1) or '1type' as a synonym of type is deprecated; in a future version of numpy, it will be understood as (type, (1,)) / '(1,)type'.
  _np_quint16 = np.dtype([("quint16", np.uint16, 1)])
/home/mrahman/.local/lib/python3.7/site-packages/tensorboard/compat/tensorflow_stub/dtypes.py:545: FutureWarning: Passing (type, 1) or '1type' as a synonym of type is deprecated; in a future version of numpy, it will be understood as (type, (1,)) / '(1,)type'.
  _np_qint32 = np.dtype([("qint32", np.int32, 1)])
/home/mrahman/.local/lib/python3.7/site-packages/tensorboard/compat/tensorflow_stub/dtypes.py:550: FutureWarning: Passing (type, 1) or '1type' as a synonym of type is deprecated; in a future version of numpy, it will be understood as (type, (1,)) / '(1,)type'.
  np_resource = np.dtype([("resource", np.ubyte, 1)])
Using TensorFlow backend.
WARNING:tensorflow:From /home/mrahman/anaconda3/lib/python3.7/site-packages/keras/backend/tensorflow_backend.py:74: The name tf.get_default_graph is deprecated. Please use tf.compat.v1.get_default_graph instead.

WARNING:tensorflow:From /home/mrahman/anaconda3/lib/python3.7/site-packages/keras/backend/tensorflow_backend.py:517: The name tf.placeholder is deprecated. Please use tf.compat.v1.placeholder instead.

WARNING:tensorflow:From /home/mrahman/anaconda3/lib/python3.7/site-packages/keras/backend/tensorflow_backend.py:4138: The name tf.random_uniform is deprecated. Please use tf.random.uniform instead.

WARNING:tensorflow:From /home/mrahman/anaconda3/lib/python3.7/site-packages/keras/backend/tensorflow_backend.py:3976: The name tf.nn.max_pool is deprecated. Please use tf.nn.max_pool2d instead.

WARNING:tensorflow:From /home/mrahman/anaconda3/lib/python3.7/site-packages/keras/backend/tensorflow_backend.py:2018: The name tf.image.resize_nearest_neighbor is deprecated. Please use tf.compat.v1.image.resize_nearest_neighbor instead.

WARNING:tensorflow:From /home/mrahman/anaconda3/lib/python3.7/site-packages/keras/optimizers.py:790: The name tf.train.Optimizer is deprecated. Please use tf.compat.v1.train.Optimizer instead.

WARNING:tensorflow:From /home/mrahman/anaconda3/lib/python3.7/site-packages/keras/backend/tensorflow_backend.py:174: The name tf.get_default_session is deprecated. Please use tf.compat.v1.get_default_session instead.

WARNING:tensorflow:From /home/mrahman/anaconda3/lib/python3.7/site-packages/keras/backend/tensorflow_backend.py:181: The name tf.ConfigProto is deprecated. Please use tf.compat.v1.ConfigProto instead.

2020-03-23 16:44:56.526225: I tensorflow/core/platform/profile_utils/cpu_utils.cc:94] CPU Frequency: 2000204999 Hz
2020-03-23 16:44:56.529343: I tensorflow/compiler/xla/service/service.cc:168] XLA service 0x565515282640 executing computations on platform Host. Devices:
2020-03-23 16:44:56.529395: I tensorflow/compiler/xla/service/service.cc:175]   StreamExecutor device (0): <undefined>, <undefined>
2020-03-23 16:44:56.531119: I tensorflow/stream_executor/platform/default/dso_loader.cc:42] Successfully opened dynamic library libcuda.so.1
2020-03-23 16:44:56.562713: I tensorflow/core/common_runtime/gpu/gpu_device.cc:1640] Found device 0 with properties: 
name: GeForce GTX TITAN X major: 5 minor: 2 memoryClockRate(GHz): 1.076
pciBusID: 0000:05:00.0
2020-03-23 16:44:56.563138: I tensorflow/stream_executor/platform/default/dso_loader.cc:42] Successfully opened dynamic library libcudart.so.10.0
2020-03-23 16:44:56.565299: I tensorflow/stream_executor/platform/default/dso_loader.cc:42] Successfully opened dynamic library libcublas.so.10.0
2020-03-23 16:44:56.566929: I tensorflow/stream_executor/platform/default/dso_loader.cc:42] Successfully opened dynamic library libcufft.so.10.0
2020-03-23 16:44:56.567387: I tensorflow/stream_executor/platform/default/dso_loader.cc:42] Successfully opened dynamic library libcurand.so.10.0
2020-03-23 16:44:56.569849: I tensorflow/stream_executor/platform/default/dso_loader.cc:42] Successfully opened dynamic library libcusolver.so.10.0
2020-03-23 16:44:56.571761: I tensorflow/stream_executor/platform/default/dso_loader.cc:42] Successfully opened dynamic library libcusparse.so.10.0
2020-03-23 16:44:56.577986: I tensorflow/stream_executor/platform/default/dso_loader.cc:42] Successfully opened dynamic library libcudnn.so.7
2020-03-23 16:44:56.581273: I tensorflow/core/common_runtime/gpu/gpu_device.cc:1763] Adding visible gpu devices: 0
2020-03-23 16:44:56.581361: I tensorflow/stream_executor/platform/default/dso_loader.cc:42] Successfully opened dynamic library libcudart.so.10.0
2020-03-23 16:44:56.668803: I tensorflow/core/common_runtime/gpu/gpu_device.cc:1181] Device interconnect StreamExecutor with strength 1 edge matrix:
2020-03-23 16:44:56.668881: I tensorflow/core/common_runtime/gpu/gpu_device.cc:1187]      0 
2020-03-23 16:44:56.668912: I tensorflow/core/common_runtime/gpu/gpu_device.cc:1200] 0:   N 
2020-03-23 16:44:56.673117: I tensorflow/core/common_runtime/gpu/gpu_device.cc:1326] Created TensorFlow device (/job:localhost/replica:0/task:0/device:GPU:0 with 11497 MB memory) -> physical GPU (device: 0, name: GeForce GTX TITAN X, pci bus id: 0000:05:00.0, compute capability: 5.2)
2020-03-23 16:44:56.675899: I tensorflow/compiler/xla/service/service.cc:168] XLA service 0x565519bf86d0 executing computations on platform CUDA. Devices:
2020-03-23 16:44:56.675956: I tensorflow/compiler/xla/service/service.cc:175]   StreamExecutor device (0): GeForce GTX TITAN X, Compute Capability 5.2
2020-03-23 16:44:58.146435: I tensorflow/stream_executor/platform/default/dso_loader.cc:42] Successfully opened dynamic library libcublas.so.10.0
2020-03-23 16:44:58.492711: I tensorflow/stream_executor/platform/default/dso_loader.cc:42] Successfully opened dynamic library libcudnn.so.7
Loading MNIST dataset.
_________________________________________________________________
Layer (type)                 Output Shape              Param #   
=================================================================
input_2 (InputLayer)         (None, 32, 32, 1)         0         
_________________________________________________________________
conv2d_6 (Conv2D)            (None, 32, 32, 16)        160       
_________________________________________________________________
max_pooling2d_3 (MaxPooling2 (None, 16, 16, 16)        0         
_________________________________________________________________
conv2d_7 (Conv2D)            (None, 16, 16, 32)        2080      
_________________________________________________________________
max_pooling2d_4 (MaxPooling2 (None, 8, 8, 32)          0         
_________________________________________________________________
flatten_2 (Flatten)          (None, 2048)              0         
_________________________________________________________________
dense_3 (Dense)              (None, 256)               524544    
=================================================================
Total params: 526,784
Trainable params: 526,784
Non-trainable params: 0
_________________________________________________________________
Loading SVHN dataset.
_________________________________________________________________
Layer (type)                 Output Shape              Param #   
=================================================================
input_4 (InputLayer)         (None, 32, 32, 3)         0         
_________________________________________________________________
conv2d_16 (Conv2D)           (None, 32, 32, 16)        448       
_________________________________________________________________
max_pooling2d_7 (MaxPooling2 (None, 16, 16, 16)        0         
_________________________________________________________________
conv2d_17 (Conv2D)           (None, 16, 16, 32)        2080      
_________________________________________________________________
max_pooling2d_8 (MaxPooling2 (None, 8, 8, 32)          0         
_________________________________________________________________
flatten_4 (Flatten)          (None, 2048)              0         
_________________________________________________________________
dense_7 (Dense)              (None, 256)               524544    
_________________________________________________________________
dense_8 (Dense)              (None, 2048)              526336    
_________________________________________________________________
reshape_4 (Reshape)          (None, 8, 8, 32)          0         
_________________________________________________________________
conv2d_18 (Conv2D)           (None, 8, 8, 32)          4128      
_________________________________________________________________
up_sampling2d_7 (UpSampling2 (None, 16, 16, 32)        0         
_________________________________________________________________
conv2d_19 (Conv2D)           (None, 16, 16, 16)        4624      
_________________________________________________________________
up_sampling2d_8 (UpSampling2 (None, 32, 32, 16)        0         
_________________________________________________________________
conv2d_20 (Conv2D)           (None, 32, 32, 3)         435       
=================================================================
Total params: 1,062,595
Trainable params: 1,062,595
Non-trainable params: 0
_________________________________________________________________
